==2228== Memcheck, a memory error detector
==2228== Copyright (C) 2002-2022, and GNU GPL'd, by Julian Seward et al.
==2228== Using Valgrind-3.19.0 and LibVEX; rerun with -h for copyright info
==2228== Command: ./minishell
==2228== 
==2230== 
==2230== HEAP SUMMARY:
==2230==     in use at exit: 236,506 bytes in 327 blocks
==2230==   total heap usage: 698 allocs, 371 frees, 258,446 bytes allocated
==2230== 
==2230== 64 bytes in 1 blocks are definitely lost in loss record 32 of 98
==2230==    at 0x48850C8: malloc (vg_replace_malloc.c:381)
==2230==    by 0x10C227: init_cmd (parser.c:26)
==2230==    by 0x10B1EF: main (main_jessizabal.c:65)
==2230== 
==2230== LEAK SUMMARY:
==2230==    definitely lost: 64 bytes in 1 blocks
==2230==    indirectly lost: 0 bytes in 0 blocks
==2230==      possibly lost: 0 bytes in 0 blocks
==2230==    still reachable: 236,442 bytes in 326 blocks
==2230==         suppressed: 0 bytes in 0 blocks
==2230== Reachable blocks (those to which a pointer was found) are not shown.
==2230== To see them, rerun with: --leak-check=full --show-leak-kinds=all
==2230== 
==2230== For lists of detected and suppressed errors, rerun with: -s
==2230== ERROR SUMMARY: 1 errors from 1 contexts (suppressed: 0 from 0)
==2228== 
==2228== HEAP SUMMARY:
==2228==     in use at exit: 234,505 bytes in 330 blocks
==2228==   total heap usage: 1,116 allocs, 786 frees, 430,277 bytes allocated
==2228== 
==2228== 64 bytes in 1 blocks are definitely lost in loss record 33 of 101
==2228==    at 0x48850C8: malloc (vg_replace_malloc.c:381)
==2228==    by 0x10C227: init_cmd (parser.c:26)
==2228==    by 0x10B1EF: main (main_jessizabal.c:65)
==2228== 
==2228== 721 (192 direct, 529 indirect) bytes in 3 blocks are definitely lost in loss record 53 of 101
==2228==    at 0x48850C8: malloc (vg_replace_malloc.c:381)
==2228==    by 0x10C227: init_cmd (parser.c:26)
==2228==    by 0x10CA47: start_new_cmd (parser_tokens.c:31)
==2228==    by 0x10CB97: parse_tokens (parser_tokens.c:81)
==2228==    by 0x10B273: main (main_jessizabal.c:82)
==2228== 
==2228== 916 (96 direct, 820 indirect) bytes in 3 blocks are definitely lost in loss record 55 of 101
==2228==    at 0x48850C8: malloc (vg_replace_malloc.c:381)
==2228==    by 0x10B3CB: new_token (tokenizer.c:22)
==2228==    by 0x10B893: tokenize_input (tokenizer.c:103)
==2228==    by 0x10B233: main (main_jessizabal.c:75)
==2228== 
==2228== LEAK SUMMARY:
==2228==    definitely lost: 352 bytes in 7 blocks
==2228==    indirectly lost: 1,349 bytes in 73 blocks
==2228==      possibly lost: 0 bytes in 0 blocks
==2228==    still reachable: 232,804 bytes in 250 blocks
==2228==         suppressed: 0 bytes in 0 blocks
==2228== Reachable blocks (those to which a pointer was found) are not shown.
==2228== To see them, rerun with: --leak-check=full --show-leak-kinds=all
==2228== 
==2228== For lists of detected and suppressed errors, rerun with: -s
==2228== ERROR SUMMARY: 3 errors from 3 contexts (suppressed: 0 from 0)
